<?xml version="1.0" encoding="UTF-8"?>
<testsuite name="com.efub.frontSeminar.global.config.CorsConfigTest" tests="1" skipped="0" failures="0" errors="0" timestamp="2026-06-06T13:55:11.044Z" hostname="yang-eunseoui-MacBookAir.local" time="0.585">
  <properties/>
  <testcase name="preflightRequestFromWildcardOriginPatternReturnsCorsHeaders()" classname="com.efub.frontSeminar.global.config.CorsConfigTest" time="0.569"/>
  <system-out><![CDATA[22:55:11.436 [Test worker] INFO org.hibernate.validator.internal.util.Version -- HV000001: Hibernate Validator 9.0.1.Final
22:55:11.597 [Test worker] INFO org.springframework.mock.web.MockServletContext -- Initializing Spring TestDispatcherServlet ''
22:55:11.597 [Test worker] INFO org.springframework.test.web.servlet.TestDispatcherServlet -- Initializing Servlet ''
22:55:11.599 [Test worker] INFO org.springframework.test.web.servlet.TestDispatcherServlet -- Completed initialization in 1 ms
]]></system-out>
  <system-err><![CDATA[]]></system-err>
</testsuite>
